0 info it worked if it ends with ok
1 verbose cli [ '/usr/bin/node',
1 verbose cli   '/usr/local/lib/node_modules/pm2/lib/ProcessContainerFork.js',
1 verbose cli   'start' ]
2 info using npm@3.5.2
3 info using node@v8.10.0
4 verbose stack Error: EACCES: permission denied, open '/shared/cscade2.0/package.json'
5 verbose cwd /shared/cscade2.0
6 error Linux 4.15.17-2-pve
7 error argv "/usr/bin/node" "/usr/local/lib/node_modules/pm2/lib/ProcessContainerFork.js" "start"
8 error node v8.10.0
9 error npm  v3.5.2
10 error path /shared/cscade2.0/package.json
11 error code EACCES
12 error errno -13
13 error syscall open
14 error Error: EACCES: permission denied, open '/shared/cscade2.0/package.json'
14 error  { Error: EACCES: permission denied, open '/shared/cscade2.0/package.json'
14 error   errno: -13,
14 error   code: 'EACCES',
14 error   syscall: 'open',
14 error   path: '/shared/cscade2.0/package.json' }
15 error Please try running this command again as root/Administrator.
16 verbose exit [ -13, true ]
